<?xml version="1.0" encoding="UTF-8"?>
<testsuite name="com.fastcampus.restapidemo.RestApiDemoApplicationTests" tests="1" skipped="0" failures="0" errors="0" timestamp="2024-02-13T00:48:59" hostname="dobby-macbook-m3.local" time="0.244">
  <properties/>
  <testcase name="contextLoads()" classname="com.fastcampus.restapidemo.RestApiDemoApplicationTests" time="0.244"/>
  <system-out><![CDATA[09:48:56.901 [Test worker] INFO org.springframework.test.context.support.AnnotationConfigContextLoaderUtils -- Could not detect default configuration classes for test class [com.fastcampus.restapidemo.RestApiDemoApplicationTests]: RestApiDemoApplicationTests does not declare any static, non-private, non-final, nested classes annotated with @Configuration.
09:48:56.935 [Test worker] INFO org.springframework.boot.test.context.SpringBootTestContextBootstrapper -- Found @SpringBootConfiguration com.fastcampus.restapidemo.RestApiDemoApplication for test class com.fastcampus.restapidemo.RestApiDemoApplicationTests

  .   ____          _            __ _ _
 /\\ / ___'_ __ _ _(_)_ __  __ _ \ \ \ \
( ( )\___ | '_ | '_| | '_ \/ _` | \ \ \ \
 \\/  ___)| |_)| | | | | || (_| |  ) ) ) )
  '  |____| .__|_| |_|_| |_\__, | / / / /
 =========|_|==============|___/=/_/_/_/
 :: Spring Boot ::                (v3.2.2)

2024-02-13T09:48:57.064+09:00  INFO 14577 --- [rest-api-demo] [    Test worker] c.f.r.RestApiDemoApplicationTests        : Starting RestApiDemoApplicationTests using Java 17.0.10 with PID 14577 (started by cnabro in /Users/cnabro/project/fastcampus-top-3/part01-rest-api/rest-api-demo)
2024-02-13T09:48:57.065+09:00  INFO 14577 --- [rest-api-demo] [    Test worker] c.f.r.RestApiDemoApplicationTests        : No active profile set, falling back to 1 default profile: "default"
2024-02-13T09:48:57.393+09:00  INFO 14577 --- [rest-api-demo] [    Test worker] .s.d.r.c.RepositoryConfigurationDelegate : Bootstrapping Spring Data JPA repositories in DEFAULT mode.
2024-02-13T09:48:57.410+09:00  INFO 14577 --- [rest-api-demo] [    Test worker] .s.d.r.c.RepositoryConfigurationDelegate : Finished Spring Data repository scanning in 15 ms. Found 3 JPA repository interfaces.
2024-02-13T09:48:57.637+09:00  INFO 14577 --- [rest-api-demo] [    Test worker] o.hibernate.jpa.internal.util.LogHelper  : HHH000204: Processing PersistenceUnitInfo [name: default]
2024-02-13T09:48:57.658+09:00  INFO 14577 --- [rest-api-demo] [    Test worker] org.hibernate.Version                    : HHH000412: Hibernate ORM core version 6.4.1.Final
2024-02-13T09:48:57.669+09:00  INFO 14577 --- [rest-api-demo] [    Test worker] o.h.c.internal.RegionFactoryInitiator    : HHH000026: Second-level cache disabled
2024-02-13T09:48:57.741+09:00  INFO 14577 --- [rest-api-demo] [    Test worker] o.s.o.j.p.SpringPersistenceUnitInfo      : No LoadTimeWeaver setup: ignoring JPA class transformer
2024-02-13T09:48:57.750+09:00  INFO 14577 --- [rest-api-demo] [    Test worker] com.zaxxer.hikari.HikariDataSource       : HikariPool-1 - Starting...
2024-02-13T09:48:57.810+09:00  INFO 14577 --- [rest-api-demo] [    Test worker] com.zaxxer.hikari.pool.HikariPool        : HikariPool-1 - Added connection conn0: url=jdbc:h2:mem:02a20ca3-bff6-486f-9e39-94ea3fb091ac user=SA
2024-02-13T09:48:57.810+09:00  INFO 14577 --- [rest-api-demo] [    Test worker] com.zaxxer.hikari.HikariDataSource       : HikariPool-1 - Start completed.
2024-02-13T09:48:58.139+09:00  INFO 14577 --- [rest-api-demo] [    Test worker] o.h.e.t.j.p.i.JtaPlatformInitiator       : HHH000489: No JTA platform available (set 'hibernate.transaction.jta.platform' to enable JTA platform integration)
2024-02-13T09:48:58.157+09:00  INFO 14577 --- [rest-api-demo] [    Test worker] j.LocalContainerEntityManagerFactoryBean : Initialized JPA EntityManagerFactory for persistence unit 'default'
2024-02-13T09:48:58.433+09:00  WARN 14577 --- [rest-api-demo] [    Test worker] JpaBaseConfiguration$JpaWebConfiguration : spring.jpa.open-in-view is enabled by default. Therefore, database queries may be performed during view rendering. Explicitly configure spring.jpa.open-in-view to disable this warning
2024-02-13T09:48:59.099+09:00  INFO 14577 --- [rest-api-demo] [    Test worker] o.s.b.a.e.web.EndpointLinksResolver      : Exposing 1 endpoint(s) beneath base path '/actuator'
2024-02-13T09:48:59.129+09:00  INFO 14577 --- [rest-api-demo] [    Test worker] c.f.r.RestApiDemoApplicationTests        : Started RestApiDemoApplicationTests in 2.152 seconds (process running for 2.512)
]]></system-out>
  <system-err><![CDATA[]]></system-err>
</testsuite>
